<?xml version="1.0" encoding="UTF-8"?>
<!-- Generated by org.testng.reporters.JUnitXMLReporter -->
<testsuite ignored="0" hostname="JUNNEL-PC" failures="0" tests="4" name="Test" time="5.582" errors="0" timestamp="2023-11-02T19:13:26 SGT">
  <testcase classname="Demo8.CreateUser" name="testCreateUser" time="2.501"/>
  <testcase classname="Demo8.GetUser" name="testGetUser" time="0.993"/>
  <testcase classname="Demo8.UpdateUser" name="testCreateUser" time="0.969"/>
  <testcase classname="Demo8.DeleteUser" name="testGetUser" time="1.086"/>
</testsuite> <!-- Test -->
