<?xml version="1.0" encoding="UTF-8"?>
<testng-results ignored="0" total="4" passed="4" failed="0" skipped="0">
  <reporter-output>
  </reporter-output>
  <suite started-at="2023-11-02T19:13:21 SGT" name="Suite" finished-at="2023-11-02T19:13:26 SGT" duration-ms="5582">
    <groups>
    </groups>
    <test started-at="2023-11-02T19:13:21 SGT" name="Test" finished-at="2023-11-02T19:13:26 SGT" duration-ms="5582">
      <class name="Demo8.GetUser">
        <test-method signature="testGetUser(org.testng.ITestContext)[pri:0, instance:Demo8.GetUser@222545dc]" started-at="2023-11-02T19:13:23 SGT" name="testGetUser" finished-at="2023-11-02T19:13:24 SGT" duration-ms="993" status="PASS">
          <params>
            <param index="0">
              <value>
                <![CDATA[org.testng.TestRunner@4e3958e7]]>
              </value>
            </param>
          </params>
          <reporter-output>
          </reporter-output>
        </test-method> <!-- testGetUser -->
      </class> <!-- Demo8.GetUser -->
      <class name="Demo8.CreateUser">
        <test-method signature="testCreateUser(org.testng.ITestContext)[pri:0, instance:Demo8.CreateUser@6572421]" started-at="2023-11-02T19:13:21 SGT" name="testCreateUser" finished-at="2023-11-02T19:13:23 SGT" duration-ms="2501" status="PASS">
          <params>
            <param index="0">
              <value>
                <![CDATA[org.testng.TestRunner@4e3958e7]]>
              </value>
            </param>
          </params>
          <reporter-output>
          </reporter-output>
        </test-method> <!-- testCreateUser -->
      </class> <!-- Demo8.CreateUser -->
      <class name="Demo8.UpdateUser">
        <test-method signature="testCreateUser(org.testng.ITestContext)[pri:0, instance:Demo8.UpdateUser@5c5eefef]" started-at="2023-11-02T19:13:24 SGT" name="testCreateUser" finished-at="2023-11-02T19:13:25 SGT" duration-ms="969" status="PASS">
          <params>
            <param index="0">
              <value>
                <![CDATA[org.testng.TestRunner@4e3958e7]]>
              </value>
            </param>
          </params>
          <reporter-output>
          </reporter-output>
        </test-method> <!-- testCreateUser -->
      </class> <!-- Demo8.UpdateUser -->
      <class name="Demo8.DeleteUser">
        <test-method signature="testGetUser(org.testng.ITestContext)[pri:0, instance:Demo8.DeleteUser@16293aa2]" started-at="2023-11-02T19:13:25 SGT" name="testGetUser" finished-at="2023-11-02T19:13:26 SGT" duration-ms="1086" status="PASS">
          <params>
            <param index="0">
              <value>
                <![CDATA[org.testng.TestRunner@4e3958e7]]>
              </value>
            </param>
          </params>
          <reporter-output>
          </reporter-output>
        </test-method> <!-- testGetUser -->
      </class> <!-- Demo8.DeleteUser -->
    </test> <!-- Test -->
  </suite> <!-- Suite -->
</testng-results>
